0 info it worked if it ends with ok
1 verbose cli [ 'node', '/usr/local/bin/npm', 'view' ]
2 info using npm@2.2.0
3 info using node@v0.10.35
4 silly mapToRegistry name usersys
5 silly mapToRegistry using default registry
6 silly mapToRegistry registry https://registry.npmjs.org/
7 silly mapToRegistry uri https://registry.npmjs.org/usersys
8 verbose request uri https://registry.npmjs.org/usersys
9 verbose request no auth needed
10 info attempt registry request try #1 at 16:18:32
11 verbose request id 55687555723181a1
12 http request GET https://registry.npmjs.org/usersys
13 http 404 https://registry.npmjs.org/usersys
14 verbose headers { server: 'CouchDB/1.5.0 (Erlang OTP/R16B03)',
14 verbose headers   'content-type': 'application/json',
14 verbose headers   'cache-control': 'max-age=0',
14 verbose headers   'content-length': '51',
14 verbose headers   'accept-ranges': 'bytes',
14 verbose headers   date: 'Sun, 26 Apr 2015 20:18:31 GMT',
14 verbose headers   via: '1.1 varnish',
14 verbose headers   age: '0',
14 verbose headers   connection: 'keep-alive',
14 verbose headers   'x-served-by': 'cache-atl6227-ATL',
14 verbose headers   'x-cache': 'MISS',
14 verbose headers   'x-cache-hits': '0',
14 verbose headers   'x-timer': 'S1430079511.133184,VS0,VE115' }
15 silly get cb [ 404,
15 silly get   { server: 'CouchDB/1.5.0 (Erlang OTP/R16B03)',
15 silly get     'content-type': 'application/json',
15 silly get     'cache-control': 'max-age=0',
15 silly get     'content-length': '51',
15 silly get     'accept-ranges': 'bytes',
15 silly get     date: 'Sun, 26 Apr 2015 20:18:31 GMT',
15 silly get     via: '1.1 varnish',
15 silly get     age: '0',
15 silly get     connection: 'keep-alive',
15 silly get     'x-served-by': 'cache-atl6227-ATL',
15 silly get     'x-cache': 'MISS',
15 silly get     'x-cache-hits': '0',
15 silly get     'x-timer': 'S1430079511.133184,VS0,VE115' } ]
16 verbose stack Error: 404 Not Found: usersys
16 verbose stack     at CachingRegistryClient.<anonymous> (/usr/local/lib/node_modules/npm/node_modules/npm-registry-client/lib/request.js:241:14)
16 verbose stack     at Request._callback (/usr/local/lib/node_modules/npm/node_modules/npm-registry-client/lib/request.js:172:14)
16 verbose stack     at Request.self.callback (/usr/local/lib/node_modules/npm/node_modules/request/request.js:373:22)
16 verbose stack     at Request.emit (events.js:98:17)
16 verbose stack     at Request.<anonymous> (/usr/local/lib/node_modules/npm/node_modules/request/request.js:1318:14)
16 verbose stack     at Request.emit (events.js:117:20)
16 verbose stack     at IncomingMessage.<anonymous> (/usr/local/lib/node_modules/npm/node_modules/request/request.js:1266:12)
16 verbose stack     at IncomingMessage.emit (events.js:117:20)
16 verbose stack     at _stream_readable.js:944:16
16 verbose stack     at process._tickCallback (node.js:442:13)
17 verbose statusCode 404
18 verbose pkgid usersys
19 verbose cwd /Users/coollog/dropbox/Projects/Learning/nodejs/usersys
20 error Darwin 14.3.0
21 error argv "node" "/usr/local/bin/npm" "view"
22 error node v0.10.35
23 error npm  v2.2.0
24 error code E404
25 error 404 Not Found: usersys
25 error 404
25 error 404 'usersys' is not in the npm registry.
25 error 404 You should bug the author to publish it (or use the name yourself!)
25 error 404
25 error 404 Note that you can also install from a
25 error 404 tarball, folder, http url, or git url.
26 verbose exit [ 1, true ]
